<?xml version="1.0" encoding="UTF-8"?>
<!-- Generated by org.testng.reporters.JUnitReportReporter -->
<testsuite hostname="Srinivas" name="sauceLabPracticeTest.TestCase1" tests="2" failures="0" timestamp="20 Sep 2021 11:04:30 GMT" time="22.836" errors="0">
  <testcase name="verifyLogin" time="11.278" classname="sauceLabPracticeTest.TestCase1"/>
  <testcase name="verifyLogin" time="11.558" classname="sauceLabPracticeTest.TestCase1"/>
</testsuite> <!-- sauceLabPracticeTest.TestCase1 -->
